PSRPRPRPRPRRRRSSSSSSSSSSSSSSSSSS
PSRPRPRPRPRPRPRPRRRRRRRRRRRRRRSS
PSRPRPRPRPRPRPRPRPRPRPRPRPRPRPRP
PSRPRPRPRPRPRPRPRRRRRRSSSSSSSSSS
PSRPRPRPRPRPRPRPRPSSPPPPPPPPPPPP
PSRPRPSSSSSSSSSSSSSSSSSSSSPPPPPP
PSRPRPRPRPRPRPRPRRRRRRRRRRRRRRSS
PSRPRPRPRPRPRPRRRRRRRRRRRRSSSSSS
PSRPRPRPRPRPRPSSSSSSSSSSSSSPPPPP
PSRPRPRPRPRPRPRPRRRRRRRRSSSSSSSS
PSRPRPRPSPPPPPPPPPPPPPPPPPPPPPPP
PSRPRPRPRPRPRPRPRRRRRRRRRRRRRRSS
PSRPRPRPRRRRRSSSSSSSSSSSSSSSSSSS
PSRPRPRPRPRPRRRRRRRRSSSSSSSSSSSS
PSRPRPRPRPRPRPRPRPRRRRRRRRRRRRSS
PSRPRPRPRPRPRPRPRPRPRPRPRPRPRPRS
PSRPRPRPRRRRRRRRSSSSSSSSSSSSSSSS
PSRPRPRPSSSSSPPPPPPPPPPPPPPPPPPP
PSRPRPRPRPRPRPRPRPRPRPRPRPRPRPRP
PSRPRPRPRPRPRPRPRPRRRRRRRRRRRRRR
PSRPRPRPRPRPRPSSSSSSSSSSSSSSSSSS
PSRPRPRPRPRPSSSSSSSPPPPPPPPPPPPP
PSRPSSSSSSSSSSSSSSSSSSSSSPPPPPPP
PSRPRPRPRPRPRPRPRPRPRRRRRRRRRSSS
PSRPRPRPRPRPRPRRRRRRRRRSSSSSSSSS
PSRPRPRPRPRPSSSSSSSSSSSSSSSSSSSS
PSRPRPRPRPRPRPRPRRRRRRRSSSSSSSSS
PSRPRPRPRPRPSSSSSSSSSSSSSSPPPPPP
PSRPRPRPRPRPRPRPRPRRRRRSSSSSSSSS
PSRPRPRPRPRPRPRPRPRPRRRRRRRRRRRS
PSRPRPRPRPRPRPSSSSSSSSSSSSSSSSPP
PSRPRPRPRPSSSSSSSSPPPPPPPPPPPPPP
PSRPRPRPSSSSSSSSSSSSSSSSSSSSSPPP
PSRPRPRPRPRPRPRPRPRPRPRPRRRRRRSS
PSRPRPRPRPRPRPRPSSSSSSSSSSSSSSSS
PSRPRPRPSSPPPPPPPPPPPPPPPPPPPPPP
PSRPRPRPRPRPSSSSSSSPPPPPPPPPPPPP
PSRPRPRPRPRPRPRPRPPPPPPPPPPPPPPP
PSRPRPRPRPRPRPRPRPRRRRRRRRSSSSSS
PSRPRPRPSSSPPPPPPPPPPPPPPPPPPPPP
PSRPRPRPRPRPRPRPRPRRRRRSSSSSSSSS
PSRPRPRPRPRPRPRPRPRPRRRRRRRRRRSS
PSRPRPRPRPRPRPRPRPRPRPRPSSSSSSPP
PSRPRPSSSSSSSSSSSPPPPPPPPPPPPPPP
PSRPSSSSSSSSSSSSSSSSSSSSSSPPPPPP
PSRPRPRPRPRPRPRPRPRPRPRRSSSSSSSS
PSRPSSSSSSPPPPPPPPPPPPPPPPPPPPPP
PSRPRPRPRPRPRPSSSPPPPPPPPPPPPPPP
PSRPRPRPRPRPRPRPRPRRRRRRRRRRRSSS
PSRPRPSSSSSPPPPPPPPPPPPPPPPPPPPP
