SSRPRRPRRRPRRRPRRRPRRRPRRRPRSSSS
SPRPRRPRRRPRRRPRRRPRRRPRRRPRRRPR
SSRPRSPPRRPRRRPRRRPRRRPRRRRRRRSS
SPRPRRPRRRPRRRPRRRPRRRPRRRPPPPPP
SSRPRRPRRRPRRRPRRRPRPPPPPPPPPPPP
SPRPRRPRRRPRRRPRRRPRRRPRRRPRRRPR
SSRPRRPRRRPRRRPRPRSSSSSSSSPPPPPP
SSRPRSPPSSSSSSSSSSPPPPPPPPPPPPPP
SSRPPRSSSSSSSSSSSSPPPPPPPPPPPPPP
SSRPRSPPRRPRPRSSSSSSSSSSSSSSSSPP
SSRPRRPRRRPRRRPRRRPRRRPRPRSSSPPP
SSRPRRPRRRPRRRPRRRPRSSSPPPPPPPPP
SSRPPRSSSSSSSSSSSSSSSSSSSSSSPPPP
SSRPRSPPRRPRRRPRRRPRRRPRRRPPSSPP
SSRPRSPPRRPRRRPRRRPRRRPRRRRRRRSS
SSRPRRPRPRSSSSSSSSSSSSPPPPPPPPPP
SSRPRRPPSSSSSSSSSSSSSSSSSSSPPPPP
SSRPRRPRRRPRRRPRRRSSSSSSSSSSSSSS
SSRPRRPRPRSPPPPPPPPPPPPPPPPPPPPP
SSRPSSSSSSSPPPPPPPPPPPPPPPPPPPPP
SSRPRRPRRRPRRRPRRRPRRRPRRRPRRRPP
SSRPRSPPRRPRRRPRRRPRRRPRRRPRPRSS
SSRPRRPRPRSSSSSSSSSSSSSSSSSSSSSP
SSRPRRPRRRPRPRSSSSSSSSSSSSSSSSPP
SSRPSPPPPPPPPPPPPPPPPPPPPPPPPPPP
SSRPRSPPRRPRRRPRRRPRRRPRSSSSPPPP
SSRPRRPRRRPRRRPRSSSSSSSSSSSSPPPP
SSRPRRPPSSSSSSSSSSSSSSSSSPPPPPPP
SSRPRRPRRRPRRRPRRRPRRRPRRRPRSSSP
SSRPRRPRRRPRRRPRPRSSSSSSPPPPPPPP
SSRPRRPRRRPRRRPRRRPRSPPPPPPPPPPP
SSRPRSPPRRPRPRSSSSSSSSSSSSSSSSSS
SSRPRRPRRRPRRRPRRRPRRRPRPRSSPPPP
SSRPRRPRSSSSSSSSPPPPPPPPPPPPPPPP
SPRPRRPRRRPRRRPRRRPRRRPRRRPRPPPP
SSRPRSPPRRPRRRPRSSPPPPPPPPPPPPPP
SSRPRRPRRRPRRRPRRRPRRRPRPRSPPPPP
SSRPRSPPRRPRRRPRRRPRRRPRSSSSSSSS
SSRPRRPRRRPRRRPRRRPRRRPPSSSSPPPP
SSRPRRPRRRPRRRPRRRPRRRPRRRPRPPPP
SSRPRRPRRRPRRRPRPRSSSSSSPPPPPPPP
SSRPRRPRRRPRSSSSSSSSSSSSSSSPPPPP
SSRPRSPPSSSSSSSSSSPPPPPPPPPPPPPP
SSRPRRPRRRPRRRPRRRPRRRPPSSSSSSSS
SSRPRSPPRRPRRRPRRRPRRRPRSSSSSSPP
SSRPRRPRPRSSSSSSSSSSSSSSSSPPPPPP
SSRPRRPRRRPRPRSSSSSSSSSSSSSSSSSS
SSRPRRPRRRPRRRPRRRPRRRPPSSSSSSSP
SSRPRRPRRRPRRRPRRRPRRRPPPPPPPPPP
SSRPRRPRRRPRRRPRRRSSSSSSSSSSSSSS
