RRPRSSSSRRRPRPRRRSRPRRPRPRRSRRRP
RRPRRPRRPRRRRRPRPRSPRRPRRRRPRRRP
RPRRRRRPSSSSRPRRRRRPRRPRPRRSRRRP
PSRPRRRPRPRPRRRPPRRPRPRRRPRPPPRR
RPSPPPRRPRRPPPRRPPRRPPRRPPRPPSRP
RRPRRRRPRPRRPRPSRPRRRRRPPRRRRRPR
PSSSRSRPRPRSRRRPRPPSSRPRRSPPSPSP
PPSSSSSPSPPPSPPPPSPSRPSSPSRPPPSP
SSPSPPSRSSSPPSPPPSSSPPRPPPPSPPSS
SSSSRSPRPSRPSSPRSPSSPRSRPSSSSSSS
PRRRRSRPRPRRRPRSRSRPRRRPSSRPPPPR
PPSPPRRRPRPSRRPRRSPRRPSRPPPPPRRS
PRSSRPSSPSSSSSSSSSPSSSSSSPPSSSSS
RPRRRRRPPPRRPRRPPSSSPSSPPRRRRRPR
RRRPRRPRRPRRSSSSPRRRRSPRRPRRRRPR
PRPRPRRSPSRPPSPPSSSSPPSSSSSSPPSP
SSSSSSSPPRRSSPRPSSPPSPPSSSSSSSSS
RRRPRPRRSSSSPRRRRRRPSSSSSSSSSSSS
PPPPPPPPPPSPRRPRRPSPPPRPPPPPPPSP
PPPSPPSSPPSPPPPPRPPSPSPSPPPPSPPS
RRRPPRRRPRSRRRRPSPPRPRRRRPRRPRRR
RPSRSRPRRRRPRRPPRPRRRRRPRPSSRPSR
SSSSRRPRPRSSSSSSSSRPSSSSSPSSSSSS
RPSRSRRPPPRSSSSSSSSSSPSSSSSSRRPR
PPPPPPPPPPPPPPPPSPPPPPPPPSRPPPPS
PRSRPRRRPSRPRSPPRPSRRRPPPRSRRPSS
PRSRRPSRSPSSSRPPSSSSSRPRSSSPRRPR
PPSPPRSRSSSPSSPSSSSSPSSSPSRPPSSS
RRRPRSRPRRRPSRPRSRPRSSRPRRRPRPRR
PRSPPRSRPSPSRRPRSPSSSPRPPPRPRRPR
PPPSRRRPPRRPRPPSRRPRPPRRPPRPPPRS
SSSSSSRPSSSSSSPRRSPPRPRRSSSSSSSS
RPRRRSPPRPRRRPPRPRRRPRSRRPRPPRSS
SPSSPSPPPPRRSPPSPPSPPPSRPPPSRPPS
RPRRPRRRPRPRRRRPRPPRPPRRRRRPPRSP
PRSSPRPRPPRRPPSRRPPSPRPPPPPSPPPP
RPRRRRPRSRPPRPPRRPRSSPRPRRPPPRRR
RRPRPRSSSSPRPRRSSSSSPRRSRSPRRRPR
RPRPPRRRSSSSRRRPPRPRPPRRRRPPSSPR
RPRRPRSPPRRRPRRRPRRRRRPRPPRPRSRP
PRSPPRPSRPSPRPRSPRSPRPRPPRSRRPSS
SSPRRPPSSSSSPRRRSSPSSSPSPRSSSSPR
RPPSPSSSPPPPSPSPSPPPPSSSSPPSPPRS
SRPRSRRPSSSSRRRPSSRPSRPRRPRSRRRP
RSRPSSSSPPSRSRPRRSPPPRRSRRPRRPRR
SSSSSPSPPPRSPSSSRPRSSSSSPPRRSSSP
SSSSRRPRSSSSSSSSSRPRSSRPSSSSRPSR
RSRPRPSRRRPRRSRPSSSPRSPRRPSSRRPR
PPRPPPRPPRPRRPRPPPRRRRRPRPSSPRRR
SSSSSSSSRRRPSSSSPRRRPRRRRPRRSSSS
