SSSSSSRPSRRPSSSSRRRPPSSSRPSRSSSS
RRPRRRRPRRRPRPRRSSRPRSRPRPRRRPRR
SPPRPRRPPPPPPRRPPRRRRRPRPRRRRPPP
SRPRPRSRRSPRRPSRSRPRSSPRSSPSRPRS
RPPPPPPPRPRSRRPPPPRPPSPSRRPPPPPP
SPSSSSSPPSRPPPRSPSSSSSSSSPSSSSPS
RRPRRSRPPRRRPRRRPRRRSSPRRRPRRPRR
RRRPRRRPRPSSPRRRRRPRSSSSRRPRPRRS
SSSPSSPPSSPSSRPPSSRPSRPPPPSSRPRR
RRRPRSPRPRRRPRRRPRSSPRRSSSSPPRSS
PPPRPPPPPPPPPSPPPPPRSPPPPRPPPPPP
RSPRRRRPRRRPRRPRPRRRSSRPRRPRRPRR
SSSSSPSSSSSSPRRRSSSSPRRRSRPRSSSS
RPRRSRRPRPSRSPSSSSSSRRRPSSSSRRPR
RRPRRRPRRRRPRPRRPRRSSSPRPRPRRPRR
PRRRPRPRRPPRRPPRPSSPRPRRRPPPPRRP
PRRSSSSSSSSSSSSSPRRRRRRPRPRRSSSS
PSPRPPPPSPPPSPPPPPRPSSPPPPPRPPPS
RPRPRPPRRRPPPRPPRPRPRPRRSPRPRPPR
RRRPRRPRSPRPPRRRRRRPRRRPRRPRRRPR
SSSPSSSPSSSPSSRPSSSSRRRPPRSRPSSS
RPPSPPSPRSPPSSRPPPRPPRSPPSSPPPPP
SSSSSPPSRPSSSPSSSSSSSSSSPPSSPSPP
RPRRRRRPPRSPRPSPRPRRPRSRRPRSRRPR
RRPRSSSSRRPRRSPRRSRPRRRPPRSSRPSS
SPSSPRPSRPSSSRPRSSPRSSSSSSSSSSSS
SSSSPRRPSSSSRSRPPRPSPRRRRPRRRPRR
SRPRSSPSSSPSSSPPSSPRRSRPPPSSPPPS
SSSPSRRPRPSRPRRSPRPRSSPRPRSRRSRP
RPRRPRRRPRRRPPSSRPRRRRPPRRRPRPRR
RSPPPPSSSPRPSSSSSSSSPRRSPRSSRPSS
PPPPPSSPPRPSRPPPPSPPPRSSSSPRPPPS
PSSSSPSSSSSSPSSSSSSSSRRPPRPSPSSS
RPRRSRPRPRRPPRPRRSPRRPPSRRPRPRRP
PSPSPPRSSSSSRSPRSSSSRPSSRRPRSSPS
RPPPPPPPPPPPSRPPPRPPPPPPPPPPSSPP
SRPPSPPRPPRPPPPRPSPPSPSPSSPPSRPP
PPPPPSPRRPPRPRPPRRPPPPRRPPPPPPPP
PRRRPPRSRSRPPRRRSRRPRPRRSPSSRPRS
PPPRPPSPPPPPPPPPPPPPPPSSPPSPRRPP
RRRPRPSRRRPRSPSSPRSRRPSPSPSSPRSR
RPSRPPRRRRPRRRPRRPRRRPSRRPRRRPPS
SPPPPSRPRRPPSRRPRPSSRPRRRPSPSPRP
PPPSSPPPPPSSSPPSSSSPPPPPSSPRPRSP
SSSSSSPSSPSSSSSSRPPSSPSSSSPSSPSP
SSRPPPPPRRRPRRPRSSPSRPRSPSSSRPRR
PPSPPPPPPPPPPPPPSSPPPPSPSRPPPSSP
PSPPRPRSPPPPPPPPRPPSPRPPPPSRRPPP
RPRRRRRPRPRRRRPRRRRPRPSSSPRPSRRP
RPPSPPSSPPPPPPPPSPPSPRPSPPPPPPPP
