14
14
14
20
20
20
20
6
6
7
7
13
13
4
4
18
18
19
19
14
14
15
15
17
17
16
19
19
19
19
9
9
18
19
19
12
13
13
6
9
9
10
10
11
11
14
14
6
6
14
14
20
20
16
16
19
19
6
6
7
7
12
12
12
14
20
20
10
10
18
18
18
19
19
19
19
2
9
9
11
11
13
13
6
13
13
16
16
16
16
17
17
5
5
8
8
8
9
9
9
9
18
2
8
8
18
18
12
12
12
15
15
15
15
12
12
16
16
20
20
7
7
8
8
13
13
15
15
16
16
16
8
8
9
9
10
10
10
10
19
19
10
10
16
16
18
20
6
6
18
18
18
19
19
2
17
17
19
19
20
20
20
20
7
7
8
8
11
11
16
16
16
10
10
14
16
16
17
17
17
17
8
8
9
9
10
10
10
19
19
16
17
17
18
18
9
9
11
11
12
12
12
12
16
2
8
8
14
20
20
18
18
2
3
3
8
8
10
10
10
10
16
11
11
15
15
19
19
19
19
2
7
7
14
19
19
15
15
16
16
16
19
19
6
6
10
18
18
18
18
4
4
7
7
14
17
17
20
20
2
13
13
14
14
14
14
18
18
8
8
15
15
19
19
20
20
2
4
6
6
7
7
12
14
14
14
10
12
12
15
15
19
19
6
12
13
13
13
13
14
14
16
17
17
17
17
8
8
10
10
13
13
20
20
20
17
17
20
20
7
7
10
10
14
14
14
17
17
13
13
16
16
16
2
14
14
16
16
18
18
20
20
15
15
16
16
16
17
17
14
14
14
15
15
16
16
4
4
15
15
16
16
17
17
17
17
2
4
14
14
15
15
19
19
10
10
10
15
15
16
16
5
5
6
6
19
19
5
5
18
18
2
7
7
12
12
19
19
20
20
15
15
16
16
18
18
19
19
19
19
2
15
15
20
20
4
4
8
12
12
16
16
16
2
4
5
5
17
17
19
19
4
4
5
5
7
7
20
20
13
13
17
17
18
18
19
19
20
20
2
3
3
6
13
13
18
18
19
19
19
19
20
20
8
12
12
17
17
18
18
18
5
5
15
15
16
16
17
17
12
12
2
7
7
11
11
6
6
11
11
16
16
7
7
14
15
15
16
16
2
12
13
13
2
16
20
20
20
20
5
5
6
6
12
19
19
2
4
19
19
20
20
7
7
18
18
19
19
20
20
4
4
10
10
18
19
19
19
19
2
3
3
4
4
4
15
15
2
4
8
12
12
16
16
16
16
16
8
8
8
9
9
11
11
15
15
15
15
2
4
12
12
16
16
17
17
2
8
8
10
10
14
18
18
18
10
10
11
11
18
19
19
19
19
8
11
11
14
14
14
14
2
4
5
5
6
6
6
6
9
9
19
19
20
20
10
10
11
11
20
20
20
8
8
9
9
11
11
2
4
6
6
7
7
13
13
5
5
9
9
13
13
18
18
18
2
4
8
8
8
10
10
16
16
18
18
18
7
7
14
20
20
17
17
17
17
18
18
19
19
14
14
14
14
18
6
14
14
15
15
19
19
14
14
20
20
13
13
14
14
18
18
19
19
19
19
8
8
8
14
14
14
18
18
